<?xml version="1.0" encoding="UTF-8"?>
<testng-results total="1" passed="1" failed="0" skipped="0">
  <reporter-output>
  </reporter-output>
  <suite started-at="2019-04-17T17:38:49Z" name="Default suite" finished-at="2019-04-17T17:38:57Z" duration-ms="8251">
    <groups>
    </groups>
    <test started-at="2019-04-17T17:38:49Z" name="Default test" finished-at="2019-04-17T17:38:57Z" duration-ms="8251">
      <class name="Gpages.TestNG_Demo">
        <test-method is-config="true" signature="BeforeTest()[pri:0, instance:Gpages.TestNG_Demo@708f5957]" started-at="2019-04-17T23:08:49Z" name="BeforeTest" finished-at="2019-04-17T23:08:52Z" duration-ms="3330" status="PASS">
          <reporter-output>
          </reporter-output>
        </test-method> <!-- BeforeTest -->
        <test-method signature="TestPhase()[pri:0, instance:Gpages.TestNG_Demo@708f5957]" started-at="2019-04-17T23:08:52Z" name="TestPhase" finished-at="2019-04-17T23:08:56Z" duration-ms="4302" status="PASS">
          <reporter-output>
          </reporter-output>
        </test-method> <!-- TestPhase -->
        <test-method is-config="true" signature="TearDown()[pri:0, instance:Gpages.TestNG_Demo@708f5957]" started-at="2019-04-17T23:08:56Z" name="TearDown" finished-at="2019-04-17T23:08:57Z" duration-ms="605" status="PASS">
          <reporter-output>
          </reporter-output>
        </test-method> <!-- TearDown -->
      </class> <!-- Gpages.TestNG_Demo -->
    </test> <!-- Default test -->
  </suite> <!-- Default suite -->
</testng-results>
